[2024/02/03 18:19:34]: §9          __             _       
[2024/02/03 18:19:34]: §9  _ __   / /  ___   __ _(_)_ __  
[2024/02/03 18:19:34]: §9 | '_ \ / /  / _ \ / _` | | '_ \ 
[2024/02/03 18:19:34]: §9 | | | / /__| (_) | (_| | | | | |
[2024/02/03 18:19:36]: §9 |_| |_\____/\___/ \__, |_|_| |_|
[2024/02/03 18:19:36]: §9                  |___/            
[2024/02/03 18:19:36]: §9 By: www.nickuc.com - V 10.2.49
[2024/02/03 18:19:36]: §9 
[2024/02/03 18:19:36]: §3[nLogin] [DEBUG] The config.yml file was created successfully.
[2024/02/03 18:19:40]: §3[nLogin] [DEBUG] All settings were loaded in 4039 ms.
[2024/02/03 18:19:40]: §3[nLogin] [DEBUG] Loading the messages_en.yml message file...
[2024/02/03 18:19:40]: §3[nLogin] [DEBUG] All plugin messages were loaded in 101 ms (languageByClient=false).
[2024/02/03 18:19:40]: §3[nLogin] [DEBUG] All proxy settings were loaded in 1 ms.
[2024/02/03 18:19:40]: §3[nLogin] [DEBUG] Loading database...
[2024/02/03 18:19:41]: [nLogin] Generating RSA keypair... (this may take a while)
[2024/02/03 18:19:44]: [nLogin] §aThe RSA key pair was successfully generated. Took 2.96s
[2024/02/03 18:19:44]: §3[nLogin] [DEBUG] Starting logger filter...
[2024/02/03 18:19:44]: [nLogin] Downloading ProtocolLib...
[2024/02/03 18:19:48]: [nLogin] *-----------------------------------------------*
[2024/02/03 18:19:48]: [nLogin]   ProtocolLib has been successfully downloaded.
[2024/02/03 18:19:48]: [nLogin]   Restarting server to apply changes...
[2024/02/03 18:19:48]: [nLogin] *-----------------------------------------------*
[2024/02/03 18:20:25]: [nLogin] Successful plugin core shutdown (took 0.00s)
