[2024/02/03 18:21:47]: §9          __             _       
[2024/02/03 18:21:47]: §9  _ __   / /  ___   __ _(_)_ __  
[2024/02/03 18:21:47]: §9 | '_ \ / /  / _ \ / _` | | '_ \ 
[2024/02/03 18:21:47]: §9 | | | / /__| (_) | (_| | | | | |
[2024/02/03 18:21:47]: §9 |_| |_\____/\___/ \__, |_|_| |_|
[2024/02/03 18:21:47]: §9                  |___/            
[2024/02/03 18:21:47]: §9 By: www.nickuc.com - V 10.2.49
[2024/02/03 18:21:47]: §9 
[2024/02/03 18:21:48]: §3[nLogin] [DEBUG] All settings were loaded in 320 ms.
[2024/02/03 18:21:48]: §3[nLogin] [DEBUG] Loading the messages_en.yml message file...
[2024/02/03 18:21:48]: §3[nLogin] [DEBUG] All plugin messages were loaded in 150 ms (languageByClient=false).
[2024/02/03 18:21:48]: §3[nLogin] [DEBUG] All proxy settings were loaded in 1 ms.
[2024/02/03 18:21:48]: §3[nLogin] [DEBUG] Loading database...
[2024/02/03 18:21:48]: §3[nLogin] [DEBUG] Starting logger filter...
[2024/02/03 18:22:15]: [nLogin] 
[2024/02/03 18:22:15]: [nLogin]  §bThank you so much for choosing nLogin! §4<3
[2024/02/03 18:22:15]: [nLogin] 
[2024/02/03 18:22:15]: [nLogin]  §4For your safety, please read the message below:
[2024/02/03 18:22:15]: [nLogin]   §cNever download nLogin from unknown sources.
[2024/02/03 18:22:15]: [nLogin]   §cA modified version may contain malicious software.
[2024/02/03 18:22:15]: [nLogin] 
[2024/02/03 18:22:15]: [nLogin]  §3Trusted sources:
[2024/02/03 18:22:15]: [nLogin]   §bwww.nickuc.com
[2024/02/03 18:22:15]: [nLogin]   §bwww.github.com/nickuc
[2024/02/03 18:22:15]: [nLogin]   §bOpeNLogin installer (from Spigot or GitHub)
[2024/02/03 18:22:15]: [nLogin] 
[2024/02/03 18:22:15]: [nLogin]  §3Official support channels:
[2024/02/03 18:22:15]: [nLogin]   §bDiscord group: §fwww.nickuc.com/discord
[2024/02/03 18:22:15]: [nLogin]   §bDocumentation: §fdocs.nickuc.com/nlogin/
[2024/02/03 18:22:15]: [nLogin]   §bEmail: §fsupport@nickuc.com
[2024/02/03 18:22:15]: [nLogin]   §bYouTube: §fyoutube.com/nickuc
[2024/02/03 18:22:15]: [nLogin] 
[2024/02/03 18:22:15]: [nLogin]  §eTo remove this warning, log in with "nlogin.admin" permission on the server
[2024/02/03 18:22:15]: [nLogin]  §eand click the "Setup plugin" button to configure your plugin.
[2024/02/03 18:22:15]: [nLogin] 
[2024/02/03 18:22:46]: §3[nLogin] [DEBUG] Failed to encrypt with aes.
[2024/02/03 18:22:46]: §3[nLogin] [DEBUG] [SQLite] [UPDATE]: "INSERT INTO `nlogin` (`last_name`, `unique_id`, `mojang_id`, `bedrock_id`, `password`, `last_ip`, `creation_date`, `last_seen`, `email`, `discord`, `settings`) VALUES ('SenMN', cc2599898d9e37d49b99ee8ec46e2d9e, null, null, '$SHA512$b5de3eff921b9302f4643b72aa9950fc7199d8b33f8123b4a9232116a4427123596e2f45f598468bd922710f2588d6a899492cf0484840909db2db3d8435d6fd$nlZOJfTjloUAHcpKPCUsfaSa', '127.0.0.1', '2024-02-03 18:22:45.758', '2024-02-03 18:22:45.758', null, null, null)"
[2024/02/03 18:22:46]: [nLogin] The user SenMN has successfully registered.
[2024/02/03 18:24:10]: §3[nLogin] [DEBUG] [SQLite] [UPDATE]: "UPDATE `nlogin` SET `last_name` = 'SenMN', `unique_id` = cc2599898d9e37d49b99ee8ec46e2d9e,  `mojang_id` = null,  `bedrock_id` = null,  `password` = '$SHA512$b5de3eff921b9302f4643b72aa9950fc7199d8b33f8123b4a9232116a4427123596e2f45f598468bd922710f2588d6a899492cf0484840909db2db3d8435d6fd$nlZOJfTjloUAHcpKPCUsfaSa', `last_ip` = '127.0.0.1', `creation_date` = 2024-02-03 18:22:45.758, `last_seen` = 2024-02-03 18:24:10.867, `email` = null, `discord` = null, `settings` = '{"settings":[{"value":"en","key":"language"}],"version":0}' WHERE `ai` = 1"
